********************************************************************************
DUPLICATOR-LITE PACKAGE-LOG: 15 October 2021 7:41 am
NOTICE: Do NOT post to public sites or forums 
********************************************************************************
VERSION:	1.4.3
WORDPRESS:	5.8.1
PHP INFO:	8.0.8 | SAPI: apache2handler
SERVER:		Apache/2.4.48 (Win64) OpenSSL/1.1.1k PHP/8.0.8 
PHP TIME LIMIT: (0) no time limit imposed 
PHP MAX MEMORY: 4294967296 (512M default) 
MEMORY STACK: 8MB

********************************************************************************
DATABASE:
********************************************************************************
BUILD MODE:   MYSQLDUMP
MYSQLTIMEOUT: 5000
MYSQLDUMP:    Is Supported
SQL CREATED: 20211015_yourholiday_4057b1883f25ce5d6883_20211015074107_database.sql
SQL FILE SIZE: 8.52MB (8929802)
SQL FILE TIME: 2021-10-15 07:42:14
SQL RUNTIME: 28.65 sec.

********************************************************************************
ARCHIVE (ZIP):
********************************************************************************
ARCHIVE DIR:  C:/Courses/Netmatters/front_end/wordpress
ARCHIVE FILE: 20211015_yourholiday_4057b1883f25ce5d6883_20211015074107_archive.zip
FILTERS: *OFF*
DIRS:
	not set
FILES:
	not set
EXTS:  not set
----------------------------------------
COMPRESSING
SIZE:	145.28MB
STATS:	Dirs 1,006 | Files 6,740
SQL ADDED: 20211015_yourholiday_4057b1883f25ce5d6883_20211015074107_database.sql
ZipArchive Object
(
    [lastId] => 7745
    [status] => 0
    [statusSys] => 0
    [numFiles] => 7746
    [filename] => C:\Courses\Netmatters\front_end\wordpress\wp-content\backups-dup-lite\tmp\20211015_yourholiday_4057b1883f25ce5d6883_20211015074107_archive.zip
    [comment] => 
)

FILE ADDED TO ZIP: 7745
COMPRESSION RESULT: '1'
COMPRESSED SIZE: 61.76MB
ARCHIVE RUNTIME: 10.96 sec.
MEMORY STACK: 10MB
building installer
add_extra_files1
add_extra_files2
add_extra_files3
add_extra_files4
Doing archive file check
add_extra_files5
add_extra_files6
add_extra_files8
Successfully opened zip C:/Courses/Netmatters/front_end/wordpress/wp-content/backups-dup-lite/tmp/20211015_yourholiday_4057b1883f25ce5d6883_20211015074107_archive.zip
Adding enhanced installer files to archive using ZipArchive
Installer files added to archive
Added to archive
After ziparchive close when adding installer

********************************************************************************
INTEGRITY CHECKS:
********************************************************************************
SQL FILE: 8.52MB
INSTALLER FILE: 64.26KB
ARCHIVE FILE: 62.77MB 
EXPECTED FILE/DIRECTORY COUNT: 7,746
ACTUAL FILE/DIRECTORY COUNT: 7,745
ARCHIVE CONSISTENCY TEST: Pass

********************************************************************************
RECORD ID:[1]
TOTAL PROCESS RUNTIME: 40.60 sec.
PEAK PHP MEMORY USED: 12MB
DONE PROCESSING => 20211015_yourholiday 15 October 2021 7:42 am

